PMamba loaded. missing=0 unexpected=0
v26a loaded. missing=0 unexpected=0
Loaded global dataset statistics for consistent normalization
482
Loaded global dataset statistics for consistent normalization
482
Test samples: 482
  0/482  pmamba=100.0%  quat=100.0%
  50/482  pmamba=86.3%  quat=72.5%
  100/482  pmamba=82.2%  quat=69.3%
  150/482  pmamba=84.1%  quat=70.2%
  200/482  pmamba=85.6%  quat=71.6%
  250/482  pmamba=87.6%  quat=74.9%
  300/482  pmamba=88.4%  quat=75.1%
  350/482  pmamba=89.5%  quat=76.9%
  400/482  pmamba=88.8%  quat=76.6%
  450/482  pmamba=89.1%  quat=76.9%

========================================================
PMamba accuracy:      89.83% (433/482)
v26a accuracy:        78.01% (376/482)
Oracle (either):      91.08% (439/482)
========================================================
Both correct:         370  ( 76.8%)
Only PMamba:           63  ( 13.1%)
Only v26a:              6  (  1.2%)
Both wrong:            43  (  8.9%)
========================================================
Complementarity (exactly-one): 69
Headroom over best single:     +1.24pp

========================================================
Late Fusion: alpha * PMamba_softmax + (1-alpha) * v26a_softmax
========================================================
  alpha=0.00  acc= 78.01%  (376/482)
  alpha=0.05  acc= 78.84%  (380/482)
  alpha=0.10  acc= 79.46%  (383/482)
  alpha=0.15  acc= 80.50%  (388/482)
  alpha=0.20  acc= 81.12%  (391/482)
  alpha=0.25  acc= 81.74%  (394/482)
  alpha=0.30  acc= 82.37%  (397/482)
  alpha=0.35  acc= 82.99%  (400/482)
  alpha=0.40  acc= 84.23%  (406/482)
  alpha=0.45  acc= 85.48%  (412/482)
  alpha=0.50  acc= 86.93%  (419/482)
  alpha=0.55  acc= 87.34%  (421/482)
  alpha=0.60  acc= 87.55%  (422/482)
  alpha=0.65  acc= 87.97%  (424/482)
  alpha=0.70  acc= 87.97%  (424/482)
  alpha=0.75  acc= 88.38%  (426/482)
  alpha=0.80  acc= 89.00%  (429/482)
  alpha=0.85  acc= 90.04%  (434/482)
  alpha=0.90  acc= 89.83%  (433/482)
  alpha=0.95  acc= 89.63%  (432/482)
  alpha=1.00  acc= 89.83%  (433/482)

Best late fusion: alpha=0.85 -> 90.04%
Lift over PMamba: +0.21pp
Lift over v26a:   +12.03pp
Oracle ceiling:   91.08%
Fusion vs oracle: 92.1% of available headroom captured
